Added Component: Designator=SB1(GateronMXswitch)
Add component. Clean all parameters for all variants
Add component (AddParameter): Name = "Published"; Value = "17.04.2014"; VariantName = "[No Variations]"
Add component (AddParameter): Name = "Publisher"; Value = "Andrew Danich"; VariantName = "[No Variations]"
Add component (AddParameter): Name = "Type"; Value = "Переключатель"; VariantName = "[No Variations]"
Added Component: Designator=SB2(GateronMXswitch)
Add component. Clean all parameters for all variants
Add component (AddParameter): Name = "Published"; Value = "17.04.2014"; VariantName = "[No Variations]"
Add component (AddParameter): Name = "Publisher"; Value = "Andrew Danich"; VariantName = "[No Variations]"
Add component (AddParameter): Name = "Type"; Value = "Переключатель"; VariantName = "[No Variations]"
Added Component: Designator=SB3(GateronMXswitch)
Add component. Clean all parameters for all variants
Add component (AddParameter): Name = "Published"; Value = "17.04.2014"; VariantName = "[No Variations]"
Add component (AddParameter): Name = "Publisher"; Value = "Andrew Danich"; VariantName = "[No Variations]"
Add component (AddParameter): Name = "Type"; Value = "Переключатель"; VariantName = "[No Variations]"
Added Component: Designator=SB4(GateronMXswitch)
Add component. Clean all parameters for all variants
Add component (AddParameter): Name = "Published"; Value = "17.04.2014"; VariantName = "[No Variations]"
Add component (AddParameter): Name = "Publisher"; Value = "Andrew Danich"; VariantName = "[No Variations]"
Add component (AddParameter): Name = "Type"; Value = "Переключатель"; VariantName = "[No Variations]"
Added Component: Designator=SB5(GateronMXswitch)
Add component. Clean all parameters for all variants
Add component (AddParameter): Name = "Published"; Value = "17.04.2014"; VariantName = "[No Variations]"
Add component (AddParameter): Name = "Publisher"; Value = "Andrew Danich"; VariantName = "[No Variations]"
Add component (AddParameter): Name = "Type"; Value = "Переключатель"; VariantName = "[No Variations]"
Added Component: Designator=SB6(GateronMXswitch)
Add component. Clean all parameters for all variants
Add component (AddParameter): Name = "Published"; Value = "17.04.2014"; VariantName = "[No Variations]"
Add component (AddParameter): Name = "Publisher"; Value = "Andrew Danich"; VariantName = "[No Variations]"
Add component (AddParameter): Name = "Type"; Value = "Переключатель"; VariantName = "[No Variations]"
Added Component: Designator=SB7(GateronMXswitch)
Add component. Clean all parameters for all variants
Add component (AddParameter): Name = "Published"; Value = "17.04.2014"; VariantName = "[No Variations]"
Add component (AddParameter): Name = "Publisher"; Value = "Andrew Danich"; VariantName = "[No Variations]"
Add component (AddParameter): Name = "Type"; Value = "Переключатель"; VariantName = "[No Variations]"
Added Component: Designator=SB8(GateronMXswitch)
Add component. Clean all parameters for all variants
Add component (AddParameter): Name = "Published"; Value = "17.04.2014"; VariantName = "[No Variations]"
Add component (AddParameter): Name = "Publisher"; Value = "Andrew Danich"; VariantName = "[No Variations]"
Add component (AddParameter): Name = "Type"; Value = "Переключатель"; VariantName = "[No Variations]"
Added Component: Designator=SB9(GateronMXswitch)
Add component. Clean all parameters for all variants
Add component (AddParameter): Name = "Published"; Value = "17.04.2014"; VariantName = "[No Variations]"
Add component (AddParameter): Name = "Publisher"; Value = "Andrew Danich"; VariantName = "[No Variations]"
Add component (AddParameter): Name = "Type"; Value = "Переключатель"; VariantName = "[No Variations]"
Added Component: Designator=SB10(GateronMXswitch)
Add component. Clean all parameters for all variants
Add component (AddParameter): Name = "Published"; Value = "17.04.2014"; VariantName = "[No Variations]"
Add component (AddParameter): Name = "Publisher"; Value = "Andrew Danich"; VariantName = "[No Variations]"
Add component (AddParameter): Name = "Type"; Value = "Переключатель"; VariantName = "[No Variations]"
Added Component: Designator=SB11(GateronMXswitch)
Add component. Clean all parameters for all variants
Add component (AddParameter): Name = "Published"; Value = "17.04.2014"; VariantName = "[No Variations]"
Add component (AddParameter): Name = "Publisher"; Value = "Andrew Danich"; VariantName = "[No Variations]"
Add component (AddParameter): Name = "Type"; Value = "Переключатель"; VariantName = "[No Variations]"
Added Component: Designator=SB12(GateronMXswitch)
Add component. Clean all parameters for all variants
Add component (AddParameter): Name = "Published"; Value = "17.04.2014"; VariantName = "[No Variations]"
Add component (AddParameter): Name = "Publisher"; Value = "Andrew Danich"; VariantName = "[No Variations]"
Add component (AddParameter): Name = "Type"; Value = "Переключатель"; VariantName = "[No Variations]"
Added Component: Designator=SB13(GateronMXswitch)
Add component. Clean all parameters for all variants
Add component (AddParameter): Name = "Published"; Value = "17.04.2014"; VariantName = "[No Variations]"
Add component (AddParameter): Name = "Publisher"; Value = "Andrew Danich"; VariantName = "[No Variations]"
Add component (AddParameter): Name = "Type"; Value = "Переключатель"; VariantName = "[No Variations]"
Added Component: Designator=SB14(GateronMXswitch)
Add component. Clean all parameters for all variants
Add component (AddParameter): Name = "Published"; Value = "17.04.2014"; VariantName = "[No Variations]"
Add component (AddParameter): Name = "Publisher"; Value = "Andrew Danich"; VariantName = "[No Variations]"
Add component (AddParameter): Name = "Type"; Value = "Переключатель"; VariantName = "[No Variations]"
Added Component: Designator=SB15(GateronMXswitch)
Add component. Clean all parameters for all variants
Add component (AddParameter): Name = "Published"; Value = "17.04.2014"; VariantName = "[No Variations]"
Add component (AddParameter): Name = "Publisher"; Value = "Andrew Danich"; VariantName = "[No Variations]"
Add component (AddParameter): Name = "Type"; Value = "Переключатель"; VariantName = "[No Variations]"
Added Component: Designator=SB16(GateronMXswitch)
Add component. Clean all parameters for all variants
Add component (AddParameter): Name = "Published"; Value = "17.04.2014"; VariantName = "[No Variations]"
Add component (AddParameter): Name = "Publisher"; Value = "Andrew Danich"; VariantName = "[No Variations]"
Add component (AddParameter): Name = "Type"; Value = "Переключатель"; VariantName = "[No Variations]"
Added Component: Designator=SB17(GateronMXswitch)
Add component. Clean all parameters for all variants
Add component (AddParameter): Name = "Published"; Value = "17.04.2014"; VariantName = "[No Variations]"
Add component (AddParameter): Name = "Publisher"; Value = "Andrew Danich"; VariantName = "[No Variations]"
Add component (AddParameter): Name = "Type"; Value = "Переключатель"; VariantName = "[No Variations]"
Added Component: Designator=VD1(DIODE)
Add component. Clean all parameters for all variants
Add component (AddParameter): Name = "Published"; Value = "18.05.2010"; VariantName = "[No Variations]"
Add component (AddParameter): Name = "Publisher"; Value = "Andrew Danich"; VariantName = "[No Variations]"
Add component (AddParameter): Name = "Type"; Value = "Диод"; VariantName = "[No Variations]"
Added Component: Designator=VD2(DIODE)
Add component. Clean all parameters for all variants
Add component (AddParameter): Name = "Published"; Value = "18.05.2010"; VariantName = "[No Variations]"
Add component (AddParameter): Name = "Publisher"; Value = "Andrew Danich"; VariantName = "[No Variations]"
Add component (AddParameter): Name = "Type"; Value = "Диод"; VariantName = "[No Variations]"
Added Component: Designator=VD3(DIODE)
Add component. Clean all parameters for all variants
Add component (AddParameter): Name = "Published"; Value = "18.05.2010"; VariantName = "[No Variations]"
Add component (AddParameter): Name = "Publisher"; Value = "Andrew Danich"; VariantName = "[No Variations]"
Add component (AddParameter): Name = "Type"; Value = "Диод"; VariantName = "[No Variations]"
Added Component: Designator=VD4(DIODE)
Add component. Clean all parameters for all variants
Add component (AddParameter): Name = "Published"; Value = "18.05.2010"; VariantName = "[No Variations]"
Add component (AddParameter): Name = "Publisher"; Value = "Andrew Danich"; VariantName = "[No Variations]"
Add component (AddParameter): Name = "Type"; Value = "Диод"; VariantName = "[No Variations]"
Added Component: Designator=VD5(DIODE)
Add component. Clean all parameters for all variants
Add component (AddParameter): Name = "Published"; Value = "18.05.2010"; VariantName = "[No Variations]"
Add component (AddParameter): Name = "Publisher"; Value = "Andrew Danich"; VariantName = "[No Variations]"
Add component (AddParameter): Name = "Type"; Value = "Диод"; VariantName = "[No Variations]"
Added Component: Designator=VD6(DIODE)
Add component. Clean all parameters for all variants
Add component (AddParameter): Name = "Published"; Value = "18.05.2010"; VariantName = "[No Variations]"
Add component (AddParameter): Name = "Publisher"; Value = "Andrew Danich"; VariantName = "[No Variations]"
Add component (AddParameter): Name = "Type"; Value = "Диод"; VariantName = "[No Variations]"
Added Component: Designator=XS1(XS8HOLES)
Add component. Clean all parameters for all variants
Added Component: Designator=XS2(XS5HOLES)
Add component. Clean all parameters for all variants
Added Component: Designator=XS3(XS8HOLES)
Add component. Clean all parameters for all variants
Added Pin To Net: NetName=NetSB1_1 Pin=SB1-1
Added Pin To Net: NetName=NetSB1_2 Pin=SB1-2
Added Pin To Net: NetName=NetSB2_1 Pin=SB2-1
Added Pin To Net: NetName=NetSB1_1 Pin=SB2-2
Added Pin To Net: NetName=NetSB1_1 Pin=SB3-2
Added Pin To Net: NetName=NetSB2_1 Pin=SB4-1
Added Pin To Net: NetName=NetSB4_2 Pin=SB4-2
Added Pin To Net: NetName=NetSB1_1 Pin=SB5-1
Added Pin To Net: NetName=NetSB5_2 Pin=SB5-2
Added Pin To Net: NetName=NetSB1_1 Pin=SB6-1
Added Pin To Net: NetName=NetSB6_2 Pin=SB6-2
Added Pin To Net: NetName=NetSB1_1 Pin=SB7-1
Added Pin To Net: NetName=NetSB7_2 Pin=SB7-2
Added Pin To Net: NetName=NetSB8_1 Pin=SB8-1
Added Pin To Net: NetName=NetSB4_2 Pin=SB8-2
Added Pin To Net: NetName=NetSB4_2 Pin=SB9-1
Added Pin To Net: NetName=NetSB5_2 Pin=SB9-2
Added Pin To Net: NetName=NetSB4_2 Pin=SB10-1
Added Pin To Net: NetName=NetSB6_2 Pin=SB10-2
Added Pin To Net: NetName=NetSB4_2 Pin=SB11-1
Added Pin To Net: NetName=NetSB7_2 Pin=SB11-2
Added Pin To Net: NetName=NetSB12_1 Pin=SB12-1
Added Pin To Net: NetName=NetSB5_2 Pin=SB12-2
Added Pin To Net: NetName=NetSB12_1 Pin=SB13-1
Added Pin To Net: NetName=NetSB6_2 Pin=SB13-2
Added Pin To Net: NetName=NetSB12_1 Pin=SB14-1
Added Pin To Net: NetName=NetSB7_2 Pin=SB14-2
Added Pin To Net: NetName=NetSB5_2 Pin=SB15-1
Added Pin To Net: NetName=NetSB15_2 Pin=SB15-2
Added Pin To Net: NetName=NetSB7_2 Pin=SB16-1
Added Pin To Net: NetName=NetSB15_2 Pin=SB17-1
Added Pin To Net: NetName=NetSB2_1 Pin=SB17-2
Added Pin To Net: NetName=3 Pin=VD1-1
Added Pin To Net: NetName=NetSB2_1 Pin=VD1-2
Added Pin To Net: NetName=4 Pin=VD2-1
Added Pin To Net: NetName=NetSB8_1 Pin=VD2-2
Added Pin To Net: NetName=5 Pin=VD3-1
Added Pin To Net: NetName=NetSB7_2 Pin=VD3-2
Added Pin To Net: NetName=6 Pin=VD4-1
Added Pin To Net: NetName=NetSB6_2 Pin=VD4-2
Added Pin To Net: NetName=7 Pin=VD5-1
Added Pin To Net: NetName=NetSB5_2 Pin=VD5-2
Added Pin To Net: NetName=8 Pin=VD6-1
Added Pin To Net: NetName=NetSB1_2 Pin=VD6-2
Added Pin To Net: NetName=3 Pin=XS1-3
Added Pin To Net: NetName=4 Pin=XS1-4
Added Pin To Net: NetName=5 Pin=XS1-5
Added Pin To Net: NetName=6 Pin=XS1-6
Added Pin To Net: NetName=7 Pin=XS1-7
Added Pin To Net: NetName=8 Pin=XS1-8
Added Pin To Net: NetName=NetSB1_1 Pin=XS2-1
Added Pin To Net: NetName=NetSB4_2 Pin=XS2-2
Added Pin To Net: NetName=NetSB12_1 Pin=XS2-3
Added Pin To Net: NetName=NetSB15_2 Pin=XS2-4
Added Pin To Net: NetName=1 Pin=XS3-1
Added Pin To Net: NetName=2 Pin=XS3-2
Added Pin To Net: NetName=3 Pin=XS3-3
Added Pin To Net: NetName=4 Pin=XS3-4
Added Pin To Net: NetName=5 Pin=XS3-5
Added Pin To Net: NetName=6 Pin=XS3-6
Added Pin To Net: NetName=7 Pin=XS3-7
Added Pin To Net: NetName=8 Pin=XS3-8
Added Member To Class: ClassName=Keyboard Schematic Member=Component SB1 "on/off"
Added Member To Class: ClassName=Keyboard Schematic Member=Component SB2 "/"
Added Member To Class: ClassName=Keyboard Schematic Member=Component SB3 "*"
Added Member To Class: ClassName=Keyboard Schematic Member=Component SB4 "-"
Added Member To Class: ClassName=Keyboard Schematic Member=Component SB5 "7"
Added Member To Class: ClassName=Keyboard Schematic Member=Component SB6 "8"
Added Member To Class: ClassName=Keyboard Schematic Member=Component SB7 "9"
Added Member To Class: ClassName=Keyboard Schematic Member=Component SB8 "+"
Added Member To Class: ClassName=Keyboard Schematic Member=Component SB9 "4"
Added Member To Class: ClassName=Keyboard Schematic Member=Component SB10 "5"
Added Member To Class: ClassName=Keyboard Schematic Member=Component SB11 "6"
Added Member To Class: ClassName=Keyboard Schematic Member=Component SB12 "1"
Added Member To Class: ClassName=Keyboard Schematic Member=Component SB13 "2"
Added Member To Class: ClassName=Keyboard Schematic Member=Component SB14 "3"
Added Member To Class: ClassName=Keyboard Schematic Member=Component SB15 "0"
Added Member To Class: ClassName=Keyboard Schematic Member=Component SB16 "."
Added Member To Class: ClassName=Keyboard Schematic Member=Component SB17 "="
Added Member To Class: ClassName=Keyboard Schematic Member=Component VD1 Diode
Added Member To Class: ClassName=Keyboard Schematic Member=Component VD2 Diode
Added Member To Class: ClassName=Keyboard Schematic Member=Component VD3 Diode
Added Member To Class: ClassName=Keyboard Schematic Member=Component VD4 Diode
Added Member To Class: ClassName=Keyboard Schematic Member=Component VD5 Diode
Added Member To Class: ClassName=Keyboard Schematic Member=Component VD6 Diode
Added Member To Class: ClassName=Keyboard Schematic Member=Component XS1 PORT8
Added Member To Class: ClassName=Keyboard Schematic Member=Component XS2 PORT6
Added Member To Class: ClassName=Schematic Member=Component XS3 PORT8
Added Room: Name=Keyboard Schematic
Added Room: Name=Schematic
