Added Component: Designator=GB1(XS2holes)
Add component. Clean all parameters for all variants
Added Component: Designator=HB1(lcd-screen)
Add component. Clean all parameters for all variants
Added Component: Designator=R1(R1206)
Add component. Clean all parameters for all variants
Add component (AddParameter): Name = "Published"; Value = "19.09.2014"; VariantName = "[No Variations]"
Add component (AddParameter): Name = "Publisher"; Value = "Andrew Danich"; VariantName = "[No Variations]"
Add component (AddParameter): Name = "Type"; Value = "Резистор"; VariantName = "[No Variations]"
Added Component: Designator=R2(R1206)
Add component. Clean all parameters for all variants
Add component (AddParameter): Name = "Published"; Value = "19.09.2014"; VariantName = "[No Variations]"
Add component (AddParameter): Name = "Publisher"; Value = "Andrew Danich"; VariantName = "[No Variations]"
Add component (AddParameter): Name = "Type"; Value = "Резистор"; VariantName = "[No Variations]"
Added Component: Designator=R3(R1206)
Add component. Clean all parameters for all variants
Add component (AddParameter): Name = "Published"; Value = "19.09.2014"; VariantName = "[No Variations]"
Add component (AddParameter): Name = "Publisher"; Value = "Andrew Danich"; VariantName = "[No Variations]"
Add component (AddParameter): Name = "Type"; Value = "Резистор"; VariantName = "[No Variations]"
Added Component: Designator=R4(SH-655MCL)
Add component. Clean all parameters for all variants
Add component (AddParameter): Name = "Published"; Value = "27.07.2015"; VariantName = "[No Variations]"
Add component (AddParameter): Name = "Publisher"; Value = "Andrew Danich"; VariantName = "[No Variations]"
Add component (AddParameter): Name = "Type"; Value = "Подстроечный резистор"; VariantName = "[No Variations]"
Added Component: Designator=R5(R1206)
Add component. Clean all parameters for all variants
Add component (AddParameter): Name = "Published"; Value = "19.09.2014"; VariantName = "[No Variations]"
Add component (AddParameter): Name = "Publisher"; Value = "Andrew Danich"; VariantName = "[No Variations]"
Add component (AddParameter): Name = "Type"; Value = "Резистор"; VariantName = "[No Variations]"
Added Component: Designator=R6(R1206)
Add component. Clean all parameters for all variants
Add component (AddParameter): Name = "Published"; Value = "19.09.2014"; VariantName = "[No Variations]"
Add component (AddParameter): Name = "Publisher"; Value = "Andrew Danich"; VariantName = "[No Variations]"
Add component (AddParameter): Name = "Type"; Value = "Резистор"; VariantName = "[No Variations]"
Added Component: Designator=SB1(GateronMXswitch)
Add component. Clean all parameters for all variants
Add component (AddParameter): Name = "Published"; Value = "17.04.2014"; VariantName = "[No Variations]"
Add component (AddParameter): Name = "Publisher"; Value = "Andrew Danich"; VariantName = "[No Variations]"
Add component (AddParameter): Name = "Type"; Value = "Переключатель"; VariantName = "[No Variations]"
Added Component: Designator=SB2(GateronMXswitch)
Add component. Clean all parameters for all variants
Add component (AddParameter): Name = "Published"; Value = "17.04.2014"; VariantName = "[No Variations]"
Add component (AddParameter): Name = "Publisher"; Value = "Andrew Danich"; VariantName = "[No Variations]"
Add component (AddParameter): Name = "Type"; Value = "Переключатель"; VariantName = "[No Variations]"
Added Component: Designator=SB3(GateronMXswitch)
Add component. Clean all parameters for all variants
Add component (AddParameter): Name = "Published"; Value = "17.04.2014"; VariantName = "[No Variations]"
Add component (AddParameter): Name = "Publisher"; Value = "Andrew Danich"; VariantName = "[No Variations]"
Add component (AddParameter): Name = "Type"; Value = "Переключатель"; VariantName = "[No Variations]"
Added Component: Designator=SB4(GateronMXswitch)
Add component. Clean all parameters for all variants
Add component (AddParameter): Name = "Published"; Value = "17.04.2014"; VariantName = "[No Variations]"
Add component (AddParameter): Name = "Publisher"; Value = "Andrew Danich"; VariantName = "[No Variations]"
Add component (AddParameter): Name = "Type"; Value = "Переключатель"; VariantName = "[No Variations]"
Added Component: Designator=SB5(GateronMXswitch)
Add component. Clean all parameters for all variants
Add component (AddParameter): Name = "Published"; Value = "17.04.2014"; VariantName = "[No Variations]"
Add component (AddParameter): Name = "Publisher"; Value = "Andrew Danich"; VariantName = "[No Variations]"
Add component (AddParameter): Name = "Type"; Value = "Переключатель"; VariantName = "[No Variations]"
Added Component: Designator=SB6(GateronMXswitch)
Add component. Clean all parameters for all variants
Add component (AddParameter): Name = "Published"; Value = "17.04.2014"; VariantName = "[No Variations]"
Add component (AddParameter): Name = "Publisher"; Value = "Andrew Danich"; VariantName = "[No Variations]"
Add component (AddParameter): Name = "Type"; Value = "Переключатель"; VariantName = "[No Variations]"
Added Component: Designator=SB7(GateronMXswitch)
Add component. Clean all parameters for all variants
Add component (AddParameter): Name = "Published"; Value = "17.04.2014"; VariantName = "[No Variations]"
Add component (AddParameter): Name = "Publisher"; Value = "Andrew Danich"; VariantName = "[No Variations]"
Add component (AddParameter): Name = "Type"; Value = "Переключатель"; VariantName = "[No Variations]"
Added Component: Designator=SB8(GateronMXswitch)
Add component. Clean all parameters for all variants
Add component (AddParameter): Name = "Published"; Value = "17.04.2014"; VariantName = "[No Variations]"
Add component (AddParameter): Name = "Publisher"; Value = "Andrew Danich"; VariantName = "[No Variations]"
Add component (AddParameter): Name = "Type"; Value = "Переключатель"; VariantName = "[No Variations]"
Added Component: Designator=SB9(GateronMXswitch)
Add component. Clean all parameters for all variants
Add component (AddParameter): Name = "Published"; Value = "17.04.2014"; VariantName = "[No Variations]"
Add component (AddParameter): Name = "Publisher"; Value = "Andrew Danich"; VariantName = "[No Variations]"
Add component (AddParameter): Name = "Type"; Value = "Переключатель"; VariantName = "[No Variations]"
Added Component: Designator=SB10(GateronMXswitch)
Add component. Clean all parameters for all variants
Add component (AddParameter): Name = "Published"; Value = "17.04.2014"; VariantName = "[No Variations]"
Add component (AddParameter): Name = "Publisher"; Value = "Andrew Danich"; VariantName = "[No Variations]"
Add component (AddParameter): Name = "Type"; Value = "Переключатель"; VariantName = "[No Variations]"
Added Component: Designator=SB11(GateronMXswitch)
Add component. Clean all parameters for all variants
Add component (AddParameter): Name = "Published"; Value = "17.04.2014"; VariantName = "[No Variations]"
Add component (AddParameter): Name = "Publisher"; Value = "Andrew Danich"; VariantName = "[No Variations]"
Add component (AddParameter): Name = "Type"; Value = "Переключатель"; VariantName = "[No Variations]"
Added Component: Designator=SB12(GateronMXswitch)
Add component. Clean all parameters for all variants
Add component (AddParameter): Name = "Published"; Value = "17.04.2014"; VariantName = "[No Variations]"
Add component (AddParameter): Name = "Publisher"; Value = "Andrew Danich"; VariantName = "[No Variations]"
Add component (AddParameter): Name = "Type"; Value = "Переключатель"; VariantName = "[No Variations]"
Added Component: Designator=SB13(GateronMXswitch)
Add component. Clean all parameters for all variants
Add component (AddParameter): Name = "Published"; Value = "17.04.2014"; VariantName = "[No Variations]"
Add component (AddParameter): Name = "Publisher"; Value = "Andrew Danich"; VariantName = "[No Variations]"
Add component (AddParameter): Name = "Type"; Value = "Переключатель"; VariantName = "[No Variations]"
Added Component: Designator=SB14(GateronMXswitch)
Add component. Clean all parameters for all variants
Add component (AddParameter): Name = "Published"; Value = "17.04.2014"; VariantName = "[No Variations]"
Add component (AddParameter): Name = "Publisher"; Value = "Andrew Danich"; VariantName = "[No Variations]"
Add component (AddParameter): Name = "Type"; Value = "Переключатель"; VariantName = "[No Variations]"
Added Component: Designator=SB15(GateronMXswitch)
Add component. Clean all parameters for all variants
Add component (AddParameter): Name = "Published"; Value = "17.04.2014"; VariantName = "[No Variations]"
Add component (AddParameter): Name = "Publisher"; Value = "Andrew Danich"; VariantName = "[No Variations]"
Add component (AddParameter): Name = "Type"; Value = "Переключатель"; VariantName = "[No Variations]"
Added Component: Designator=SB16(GateronMXswitch)
Add component. Clean all parameters for all variants
Add component (AddParameter): Name = "Published"; Value = "17.04.2014"; VariantName = "[No Variations]"
Add component (AddParameter): Name = "Publisher"; Value = "Andrew Danich"; VariantName = "[No Variations]"
Add component (AddParameter): Name = "Type"; Value = "Переключатель"; VariantName = "[No Variations]"
Added Component: Designator=SB17(GateronMXswitch)
Add component. Clean all parameters for all variants
Add component (AddParameter): Name = "Published"; Value = "17.04.2014"; VariantName = "[No Variations]"
Add component (AddParameter): Name = "Publisher"; Value = "Andrew Danich"; VariantName = "[No Variations]"
Add component (AddParameter): Name = "Type"; Value = "Переключатель"; VariantName = "[No Variations]"
Added Component: Designator=U1(QFP44)
Add component. Clean all parameters for all variants
Added Component: Designator=VD1(DIODE)
Add component. Clean all parameters for all variants
Add component (AddParameter): Name = "Published"; Value = "18.05.2010"; VariantName = "[No Variations]"
Add component (AddParameter): Name = "Publisher"; Value = "Andrew Danich"; VariantName = "[No Variations]"
Add component (AddParameter): Name = "Type"; Value = "Диод"; VariantName = "[No Variations]"
Added Component: Designator=VD2(DIODE)
Add component. Clean all parameters for all variants
Add component (AddParameter): Name = "Published"; Value = "18.05.2010"; VariantName = "[No Variations]"
Add component (AddParameter): Name = "Publisher"; Value = "Andrew Danich"; VariantName = "[No Variations]"
Add component (AddParameter): Name = "Type"; Value = "Диод"; VariantName = "[No Variations]"
Added Component: Designator=VD3(DIODE)
Add component. Clean all parameters for all variants
Add component (AddParameter): Name = "Published"; Value = "18.05.2010"; VariantName = "[No Variations]"
Add component (AddParameter): Name = "Publisher"; Value = "Andrew Danich"; VariantName = "[No Variations]"
Add component (AddParameter): Name = "Type"; Value = "Диод"; VariantName = "[No Variations]"
Added Component: Designator=VD4(DIODE)
Add component. Clean all parameters for all variants
Add component (AddParameter): Name = "Published"; Value = "18.05.2010"; VariantName = "[No Variations]"
Add component (AddParameter): Name = "Publisher"; Value = "Andrew Danich"; VariantName = "[No Variations]"
Add component (AddParameter): Name = "Type"; Value = "Диод"; VariantName = "[No Variations]"
Added Component: Designator=VD5(DIODE)
Add component. Clean all parameters for all variants
Add component (AddParameter): Name = "Published"; Value = "18.05.2010"; VariantName = "[No Variations]"
Add component (AddParameter): Name = "Publisher"; Value = "Andrew Danich"; VariantName = "[No Variations]"
Add component (AddParameter): Name = "Type"; Value = "Диод"; VariantName = "[No Variations]"
Added Component: Designator=VD6(DIODE)
Add component. Clean all parameters for all variants
Add component (AddParameter): Name = "Published"; Value = "18.05.2010"; VariantName = "[No Variations]"
Add component (AddParameter): Name = "Publisher"; Value = "Andrew Danich"; VariantName = "[No Variations]"
Add component (AddParameter): Name = "Type"; Value = "Диод"; VariantName = "[No Variations]"
Added Component: Designator=XS1(XS8HOLES)
Add component. Clean all parameters for all variants
Added Component: Designator=XS2(XS5HOLES)
Add component. Clean all parameters for all variants
Added Component: Designator=XS3(XS8HOLES)
Add component. Clean all parameters for all variants
Added Component: Designator=XS4(XS5HOLES)
Add component. Clean all parameters for all variants
Added Pin To Net: NetName=1 Pin=HB1-8
Added Pin To Net: NetName=1 Pin=U1-21
Added Pin To Net: NetName=1 Pin=XS3-1
Added Net: Name=1
Added Pin To Net: NetName=2 Pin=HB1-7
Added Pin To Net: NetName=2 Pin=U1-22
Added Pin To Net: NetName=2 Pin=XS3-2
Added Net: Name=2
Added Pin To Net: NetName=3 Pin=HB1-6
Added Pin To Net: NetName=3 Pin=U1-23
Added Pin To Net: NetName=3 Pin=VD1-1
Added Pin To Net: NetName=3 Pin=XS1-3
Added Pin To Net: NetName=3 Pin=XS3-3
Added Net: Name=3
Added Pin To Net: NetName=4 Pin=HB1-5
Added Pin To Net: NetName=4 Pin=U1-24
Added Pin To Net: NetName=4 Pin=VD2-1
Added Pin To Net: NetName=4 Pin=XS1-4
Added Pin To Net: NetName=4 Pin=XS3-4
Added Net: Name=4
Added Pin To Net: NetName=5 Pin=HB1-4
Added Pin To Net: NetName=5 Pin=U1-25
Added Pin To Net: NetName=5 Pin=VD3-1
Added Pin To Net: NetName=5 Pin=XS1-5
Added Pin To Net: NetName=5 Pin=XS3-5
Added Net: Name=5
Added Pin To Net: NetName=6 Pin=HB1-3
Added Pin To Net: NetName=6 Pin=U1-26
Added Pin To Net: NetName=6 Pin=VD4-1
Added Pin To Net: NetName=6 Pin=XS1-6
Added Pin To Net: NetName=6 Pin=XS3-6
Added Net: Name=6
Added Pin To Net: NetName=7 Pin=HB1-2
Added Pin To Net: NetName=7 Pin=U1-27
Added Pin To Net: NetName=7 Pin=VD5-1
Added Pin To Net: NetName=7 Pin=XS1-7
Added Pin To Net: NetName=7 Pin=XS3-7
Added Net: Name=7
Added Pin To Net: NetName=8 Pin=HB1-1
Added Pin To Net: NetName=8 Pin=R2-2
Added Pin To Net: NetName=8 Pin=U1-28
Added Pin To Net: NetName=8 Pin=VD6-1
Added Pin To Net: NetName=8 Pin=XS1-8
Added Pin To Net: NetName=8 Pin=XS3-8
Added Net: Name=8
Added Pin To Net: NetName=9 Pin=U1-2
Added Pin To Net: NetName=9 Pin=XS4-1
Added Net: Name=9
Added Pin To Net: NetName=10 Pin=U1-3
Added Pin To Net: NetName=10 Pin=XS4-2
Added Net: Name=10
Added Pin To Net: NetName=11 Pin=U1-4
Added Pin To Net: NetName=11 Pin=XS4-3
Added Net: Name=11
Added Pin To Net: NetName=12 Pin=U1-5
Added Pin To Net: NetName=12 Pin=XS4-4
Added Net: Name=12
Added Pin To Net: NetName=13 Pin=U1-6
Added Pin To Net: NetName=13 Pin=XS4-5
Added Net: Name=13
Added Pin To Net: NetName=NetGB1_1 Pin=GB1-1
Added Pin To Net: NetName=NetGB1_1 Pin=R1-2
Added Pin To Net: NetName=NetGB1_1 Pin=R2-1
Added Pin To Net: NetName=NetGB1_1 Pin=R3-2
Added Pin To Net: NetName=NetGB1_1 Pin=U1-20
Added Net: Name=NetGB1_1
Added Pin To Net: NetName=NetGB1_2 Pin=GB1-2
Added Pin To Net: NetName=NetGB1_2 Pin=R6-2
Added Pin To Net: NetName=NetGB1_2 Pin=U1-8
Added Pin To Net: NetName=NetGB1_2 Pin=U1-19
Added Net: Name=NetGB1_2
Added Pin To Net: NetName=NetHB1_9 Pin=HB1-9
Added Pin To Net: NetName=NetHB1_9 Pin=U1-11
Added Net: Name=NetHB1_9
Added Pin To Net: NetName=NetHB1_10 Pin=HB1-10
Added Pin To Net: NetName=NetHB1_10 Pin=U1-12
Added Net: Name=NetHB1_10
Added Pin To Net: NetName=NetHB1_11 Pin=HB1-11
Added Pin To Net: NetName=NetHB1_11 Pin=U1-13
Added Net: Name=NetHB1_11
Added Pin To Net: NetName=NetHB1_12 Pin=HB1-12
Added Pin To Net: NetName=NetHB1_12 Pin=R4-2
Added Net: Name=NetHB1_12
Added Pin To Net: NetName=NetHB1_13 Pin=HB1-13
Added Pin To Net: NetName=NetHB1_13 Pin=R4-3
Added Pin To Net: NetName=NetHB1_13 Pin=U1-14
Added Net: Name=NetHB1_13
Added Pin To Net: NetName=NetHB1_14 Pin=HB1-14
Added Pin To Net: NetName=NetHB1_14 Pin=R4-1
Added Pin To Net: NetName=NetHB1_14 Pin=U1-15
Added Net: Name=NetHB1_14
Added Pin To Net: NetName=NetHB1_15 Pin=HB1-15
Added Pin To Net: NetName=NetHB1_15 Pin=R5-1
Added Pin To Net: NetName=NetHB1_15 Pin=R6-1
Added Net: Name=NetHB1_15
Added Pin To Net: NetName=NetR1_1 Pin=R1-1
Added Pin To Net: NetName=NetR1_1 Pin=U1-9
Added Net: Name=NetR1_1
Added Pin To Net: NetName=NetR3_1 Pin=R3-1
Added Pin To Net: NetName=NetR3_1 Pin=U1-1
Added Net: Name=NetR3_1
Added Pin To Net: NetName=NetR5_2 Pin=R5-2
Added Pin To Net: NetName=NetR5_2 Pin=U1-16
Added Net: Name=NetR5_2
Added Pin To Net: NetName=NetSB1_1 Pin=SB1-1
Added Pin To Net: NetName=NetSB1_1 Pin=SB2-2
Added Pin To Net: NetName=NetSB1_1 Pin=SB3-2
Added Pin To Net: NetName=NetSB1_1 Pin=SB5-1
Added Pin To Net: NetName=NetSB1_1 Pin=SB6-1
Added Pin To Net: NetName=NetSB1_1 Pin=SB7-1
Added Pin To Net: NetName=NetSB1_1 Pin=XS2-1
Added Net: Name=NetSB1_1
Added Pin To Net: NetName=NetSB1_2 Pin=SB1-2
Added Pin To Net: NetName=NetSB1_2 Pin=VD6-2
Added Net: Name=NetSB1_2
Added Pin To Net: NetName=NetSB2_1 Pin=SB2-1
Added Pin To Net: NetName=NetSB2_1 Pin=SB4-1
Added Pin To Net: NetName=NetSB2_1 Pin=SB17-2
Added Pin To Net: NetName=NetSB2_1 Pin=VD1-2
Added Net: Name=NetSB2_1
Added Pin To Net: NetName=NetSB4_2 Pin=SB4-2
Added Pin To Net: NetName=NetSB4_2 Pin=SB8-2
Added Pin To Net: NetName=NetSB4_2 Pin=SB9-1
Added Pin To Net: NetName=NetSB4_2 Pin=SB10-1
Added Pin To Net: NetName=NetSB4_2 Pin=SB11-1
Added Pin To Net: NetName=NetSB4_2 Pin=XS2-2
Added Net: Name=NetSB4_2
Added Pin To Net: NetName=NetSB5_2 Pin=SB5-2
Added Pin To Net: NetName=NetSB5_2 Pin=SB9-2
Added Pin To Net: NetName=NetSB5_2 Pin=SB12-2
Added Pin To Net: NetName=NetSB5_2 Pin=SB15-1
Added Pin To Net: NetName=NetSB5_2 Pin=VD5-2
Added Net: Name=NetSB5_2
Added Pin To Net: NetName=NetSB6_2 Pin=SB6-2
Added Pin To Net: NetName=NetSB6_2 Pin=SB10-2
Added Pin To Net: NetName=NetSB6_2 Pin=SB13-2
Added Pin To Net: NetName=NetSB6_2 Pin=VD4-2
Added Net: Name=NetSB6_2
Added Pin To Net: NetName=NetSB7_2 Pin=SB7-2
Added Pin To Net: NetName=NetSB7_2 Pin=SB11-2
Added Pin To Net: NetName=NetSB7_2 Pin=SB14-2
Added Pin To Net: NetName=NetSB7_2 Pin=SB16-1
Added Pin To Net: NetName=NetSB7_2 Pin=VD3-2
Added Net: Name=NetSB7_2
Added Pin To Net: NetName=NetSB8_1 Pin=SB8-1
Added Pin To Net: NetName=NetSB8_1 Pin=VD2-2
Added Net: Name=NetSB8_1
Added Pin To Net: NetName=NetSB12_1 Pin=SB12-1
Added Pin To Net: NetName=NetSB12_1 Pin=SB13-1
Added Pin To Net: NetName=NetSB12_1 Pin=SB14-1
Added Pin To Net: NetName=NetSB12_1 Pin=XS2-3
Added Net: Name=NetSB12_1
Added Pin To Net: NetName=NetSB15_2 Pin=SB15-2
Added Pin To Net: NetName=NetSB15_2 Pin=SB17-1
Added Pin To Net: NetName=NetSB15_2 Pin=XS2-4
Added Net: Name=NetSB15_2
Added Class: Name=Keyboard Schematic
Added Room: Name=Keyboard Schematic
Added Room: Name=Schematic
